<?xml version="1.0" encoding="UTF-8"?>
<!-- Generated by org.testng.reporters.JUnitReportReporter -->
<testsuite hostname="Jerome" failures="0" tests="1" name="DSA.Practice.ContainsDuplicateII_219" time="0.010" errors="0" timestamp="2024-11-24T19:12:00 IST" skipped="0">
  <testcase classname="DSA.Practice.ContainsDuplicateII_219" name="testContainsDuplicatesII" time="0.010"/>
  <system-out/>
</testsuite> <!-- DSA.Practice.ContainsDuplicateII_219 -->
